<?xml version="1.0" encoding="UTF-8"?>
<!-- Generated by org.testng.reporters.JUnitReportReporter -->
<testsuite hostname="DESKTOP-OCQ3FG4" failures="0" tests="4" name="com.cs_automation.testcases.TC_MyAccountPageTestDataDrivenTesting" time="30.844" errors="0" timestamp="2026-03-04T15:15:47 IST" skipped="1">
  <testcase classname="com.cs_automation.testcases.TC_MyAccountPageTestDataDrivenTesting" name="verifylogin" time="11.028"/>
  <testcase classname="com.cs_automation.testcases.TC_MyAccountPageTestDataDrivenTesting" name="verifylogin" time="8.443"/>
  <testcase classname="com.cs_automation.testcases.TC_MyAccountPageTestDataDrivenTesting" name="verifylogin" time="11.373"/>
  <testcase classname="com.cs_automation.testcases.TC_MyAccountPageTestDataDrivenTesting" name="verifyRegistrationAndLogin">
    <skipped/>
  </testcase> <!-- verifyRegistrationAndLogin -->
</testsuite> <!-- com.cs_automation.testcases.TC_MyAccountPageTestDataDrivenTesting -->
