<?xml version="1.0" encoding="UTF-8"?>
<!-- Generated by org.testng.reporters.JUnitXMLReporter -->
<testsuite ignored="1" hostname="DESKTOP-OCQ3FG4" failures="0" tests="3" name="Test" time="43.451" errors="0" timestamp="2026-03-04T15:15:47 IST">
  <testcase classname="com.cs_automation.testcases.TC_MyAccountPageTestDataDrivenTesting" name="verifylogin" time="11.028"/>
  <testcase classname="com.cs_automation.testcases.TC_MyAccountPageTestDataDrivenTesting" name="verifylogin" time="11.373"/>
  <testcase classname="com.cs_automation.testcases.TC_MyAccountPageTestDataDrivenTesting" name="verifylogin" time="8.443"/>
  <testcase classname="com.cs_automation.testcases.TC_MyAccountPageTestDataDrivenTesting" name="verifyRegistrationAndLogin" time="0.0">
    <ignored/>
  </testcase> <!-- verifyRegistrationAndLogin -->
</testsuite> <!-- Test -->
