<?xml version="1.0" encoding="UTF-8"?>
<testng-results ignored="1" total="4" passed="3" failed="0" skipped="0">
  <reporter-output>
  </reporter-output>
  <suite started-at="2026-03-01T12:28:28 IST" name="Suite" finished-at="2026-03-01T12:30:31 IST" duration-ms="122218">
    <groups>
    </groups>
    <test started-at="2026-03-01T12:28:28 IST" name="Test" finished-at="2026-03-01T12:30:31 IST" duration-ms="122218">
      <class name="com.cs_automation.testcases.TC_MyAccountPageTestDataDrivenTesting">
        <test-method is-config="true" signature="setup()[pri:0, instance:com.cs_automation.testcases.TC_MyAccountPageTestDataDrivenTesting@4009e306]" started-at="2026-03-01T12:28:29 IST" name="setup" finished-at="2026-03-01T12:28:57 IST" duration-ms="28246" status="PASS">
          <reporter-output>
          </reporter-output>
        </test-method> <!-- setup -->
        <test-method signature="verifylogin(java.lang.String,java.lang.String,java.lang.String)[pri:0, instance:com.cs_automation.testcases.TC_MyAccountPageTestDataDrivenTesting@4009e306]" started-at="2026-03-01T12:28:59 IST" name="verifylogin" data-provider="LoginDataProvider" finished-at="2026-03-01T12:29:38 IST" duration-ms="38733" status="PASS">
          <params>
            <param index="0">
              <value>
                <![CDATA[Tester10@yopmail.com]]>
              </value>
            </param>
            <param index="1">
              <value>
                <![CDATA[Er,5pN4j68]]>
              </value>
            </param>
            <param index="2">
              <value>
                <![CDATA[Tester10]]>
              </value>
            </param>
          </params>
          <reporter-output>
          </reporter-output>
        </test-method> <!-- verifylogin -->
        <test-method signature="verifylogin(java.lang.String,java.lang.String,java.lang.String)[pri:0, instance:com.cs_automation.testcases.TC_MyAccountPageTestDataDrivenTesting@4009e306]" started-at="2026-03-01T12:29:38 IST" name="verifylogin" data-provider="LoginDataProvider" finished-at="2026-03-01T12:30:06 IST" duration-ms="27836" status="PASS">
          <params>
            <param index="0">
              <value>
                <![CDATA[Tester11@yopmail.com]]>
              </value>
            </param>
            <param index="1">
              <value>
                <![CDATA[N\89Tsdqj8]]>
              </value>
            </param>
            <param index="2">
              <value>
                <![CDATA[Tester11]]>
              </value>
            </param>
          </params>
          <reporter-output>
          </reporter-output>
        </test-method> <!-- verifylogin -->
        <test-method signature="verifylogin(java.lang.String,java.lang.String,java.lang.String)[pri:0, instance:com.cs_automation.testcases.TC_MyAccountPageTestDataDrivenTesting@4009e306]" started-at="2026-03-01T12:30:06 IST" name="verifylogin" data-provider="LoginDataProvider" finished-at="2026-03-01T12:30:30 IST" duration-ms="24239" status="PASS">
          <params>
            <param index="0">
              <value>
                <![CDATA[Tester12@yopmail.com]]>
              </value>
            </param>
            <param index="1">
              <value>
                <![CDATA[m24U{7Za?]]>
              </value>
            </param>
            <param index="2">
              <value>
                <![CDATA[Tester12]]>
              </value>
            </param>
          </params>
          <reporter-output>
          </reporter-output>
        </test-method> <!-- verifylogin -->
        <test-method is-config="true" signature="tearDown()[pri:0, instance:com.cs_automation.testcases.TC_MyAccountPageTestDataDrivenTesting@4009e306]" started-at="2026-03-01T12:30:30 IST" name="tearDown" finished-at="2026-03-01T12:30:31 IST" duration-ms="567" status="PASS">
          <reporter-output>
          </reporter-output>
        </test-method> <!-- tearDown -->
      </class> <!-- com.cs_automation.testcases.TC_MyAccountPageTestDataDrivenTesting -->
    </test> <!-- Test -->
  </suite> <!-- Suite -->
</testng-results>
