<?xml version="1.0" encoding="UTF-8"?>
<testsuite xmlns:xsi="http://www.w3.org/2001/XMLSchema-instance" xsi:noNamespaceSchemaLocation="https://maven.apache.org/surefire/maven-surefire-plugin/xsd/surefire-test-report-3.0.xsd" version="3.0" name="TestSuite" time="44.42" tests="3" errors="0" skipped="0" failures="0">
  <properties>
[...]
</properties>
  <testcase name="verifylogin[Tester10@yopmail.com, Er,5pN4j68, Tester10](1)" classname="com.cs_automation.testcases.TC_MyAccountPageTestDataDrivenTesting" time="11.091">
    <system-out><![CDATA[On stsrt method invoke....
Name of test method started:verifylogin
Name of test method sucessfully executed:verifylogin
]]></system-out>
    <system-err><![CDATA[[main] INFO io.github.bonigarcia.wdm.WebDriverManager - Using chromedriver 145.0.7632.117 (resolved driver for Chrome 145)
[main] INFO io.github.bonigarcia.wdm.WebDriverManager - Exporting webdriver.chrome.driver as C:\Windows\system32\config\systemprofile\.cache\selenium\chromedriver\win64\145.0.7632.117\chromedriver.exe
Mar 04, 2026 3:15:05 PM org.openqa.selenium.devtools.CdpVersionFinder findNearestMatch
WARNING: Unable to find an exact match for CDP version 145, returning the closest version; found: 143; Please update to a Selenium version that supports CDP version 145
]]></system-err>
  </testcase>
  <testcase name="verifylogin[Tester11@yopmail.com, N\89Tsdqj8, Tester11](2)" classname="com.cs_automation.testcases.TC_MyAccountPageTestDataDrivenTesting" time="11.371">
    <system-out><![CDATA[Name of test method started:verifylogin
Name of test method sucessfully executed:verifylogin
]]></system-out>
  </testcase>
  <testcase name="verifylogin[Tester12@yopmail.com, m24U{7Za?, Tester12](3)" classname="com.cs_automation.testcases.TC_MyAccountPageTestDataDrivenTesting" time="8.444">
    <system-out><![CDATA[Name of test method started:verifylogin
Name of test method sucessfully executed:verifylogin
]]></system-out>
  </testcase>
</testsuite>