<?xml version="1.0" encoding="UTF-8"?>
<!-- Generated by org.testng.reporters.JUnitXMLReporter -->
<testsuite ignored="1" hostname="DESKTOP-OCQ3FG4" failures="0" tests="1" name="Test" time="51.621" errors="0" timestamp="2026-02-22T22:52:12 IST">
  <testcase classname="com.cs_automation.testcases.TC_MyAccountTest" name="verifylogin" time="18.081"/>
  <testcase classname="com.cs_automation.testcases.TC_MyAccountTest" name="verifyRegistrationAndLogin" time="0.0">
    <ignored/>
  </testcase> <!-- verifyRegistrationAndLogin -->
</testsuite> <!-- Test -->
