<?xml version="1.0" encoding="UTF-8"?>
<!-- Generated by org.testng.reporters.JUnitXMLReporter -->
<testsuite ignored="1" hostname="DESKTOP-OCQ3FG4" failures="0" tests="3" name="Test" time="122.218" errors="0" timestamp="2026-03-01T12:30:31 IST">
  <testcase classname="com.cs_automation.testcases.TC_MyAccountPageTestDataDrivenTesting" name="verifylogin" time="38.733"/>
  <testcase classname="com.cs_automation.testcases.TC_MyAccountPageTestDataDrivenTesting" name="verifylogin" time="27.836"/>
  <testcase classname="com.cs_automation.testcases.TC_MyAccountPageTestDataDrivenTesting" name="verifylogin" time="24.239"/>
  <testcase classname="com.cs_automation.testcases.TC_MyAccountPageTestDataDrivenTesting" name="verifyRegistrationAndLogin" time="0.0">
    <ignored/>
  </testcase> <!-- verifyRegistrationAndLogin -->
</testsuite> <!-- Test -->
