<?xml version="1.0" encoding="UTF-8"?>
<!-- Generated by org.testng.reporters.JUnitReportReporter -->
<testsuite hostname="DESKTOP-OCQ3FG4" failures="0" tests="2" name="com.cs_automation.testcases.TC_MyAccountTest" time="18.081" errors="0" timestamp="2026-02-22T22:52:12 IST" skipped="1">
  <testcase classname="com.cs_automation.testcases.TC_MyAccountTest" name="verifylogin" time="18.081"/>
  <testcase classname="com.cs_automation.testcases.TC_MyAccountTest" name="verifyRegistrationAndLogin">
    <skipped/>
  </testcase> <!-- verifyRegistrationAndLogin -->
</testsuite> <!-- com.cs_automation.testcases.TC_MyAccountTest -->
