<?xml version="1.0" encoding="UTF-8"?>
<!-- Generated by org.testng.reporters.JUnitReportReporter -->
<testsuite hostname="DESKTOP-OCQ3FG4" failures="0" tests="4" name="com.cs_automation.testcases.TC_MyAccountPageTestDataDrivenTesting" time="90.808" errors="0" timestamp="2026-03-01T12:30:31 IST" skipped="1">
  <testcase classname="com.cs_automation.testcases.TC_MyAccountPageTestDataDrivenTesting" name="verifylogin" time="27.836"/>
  <testcase classname="com.cs_automation.testcases.TC_MyAccountPageTestDataDrivenTesting" name="verifylogin" time="24.239"/>
  <testcase classname="com.cs_automation.testcases.TC_MyAccountPageTestDataDrivenTesting" name="verifylogin" time="38.733"/>
  <testcase classname="com.cs_automation.testcases.TC_MyAccountPageTestDataDrivenTesting" name="verifyRegistrationAndLogin">
    <skipped/>
  </testcase> <!-- verifyRegistrationAndLogin -->
</testsuite> <!-- com.cs_automation.testcases.TC_MyAccountPageTestDataDrivenTesting -->
